<?xml version="1.0" encoding="UTF-8"?>
<testsuite name="com.flipkart.test.TestPages" tests="1" skipped="0" failures="0" errors="0" timestamp="2021-07-21T08:32:40" hostname="DESKTOP-4HUJE76" time="14.856">
  <properties/>
  <testcase name="Logout" classname="com.flipkart.test.TestPages" time="14.856"/>
  <system-out><![CDATA[Test is starting:Logout
[INFO ] 2021-07-21 14:02:41.356 [Test worker] Login - Enter Email/Mobile No
[INFO ] 2021-07-21 14:02:44.584 [Test worker] Login - Enter Password
[INFO ] 2021-07-21 14:02:46.815 [Test worker] Login - click on login button
[INFO ] 2021-07-21 14:02:52.194 [Test worker] Login - Click on logout button
The name of the testcase passed is :Logout
]]></system-out>
  <system-err><![CDATA[]]></system-err>
</testsuite>
